<?xml version="1.0" encoding="UTF-8"?>
<!-- Generated by org.testng.reporters.JUnitReportReporter -->
<testsuite skipped="0" hostname="TIBCO-PF1AMC5M" name="Webfocus_UI_TestCases.Basic_Sanity" tests="1" failures="0" timestamp="2023-06-12T08:53:55 IST" time="0.009" errors="0">
  <testcase name="login" time="0.009" classname="Webfocus_UI_TestCases.Basic_Sanity"/>
  <system-out/>
</testsuite> <!-- Webfocus_UI_TestCases.Basic_Sanity -->
