<?xml version="1.0" encoding="UTF-8"?>
<!-- Generated by org.testng.reporters.JUnitReportReporter -->
<testsuite skipped="0" hostname="na2devasgqbw01" name="webfocus_UI_TestCases.VisualizationTest" tests="5" failures="0" timestamp="2023-09-06T02:53:03 PDT" time="201.938" errors="0">
  <testcase name="validate_LoginPage" time="5.891" classname="webfocus_UI_TestCases.VisualizationTest"/>
  <system-out/>
  <testcase name="Create_Visualization" time="87.701" classname="webfocus_UI_TestCases.VisualizationTest"/>
  <system-out/>
  <testcase name="Edit_Visulization" time="47.500" classname="webfocus_UI_TestCases.VisualizationTest"/>
  <system-out/>
  <testcase name="Delete_Visulization" time="57.809" classname="webfocus_UI_TestCases.VisualizationTest"/>
  <system-out/>
  <testcase name="SignOut" time="3.037" classname="webfocus_UI_TestCases.VisualizationTest"/>
  <system-out/>
</testsuite> <!-- webfocus_UI_TestCases.VisualizationTest -->
