<?xml version="1.0" encoding="UTF-8"?>
<!-- Generated by org.testng.reporters.JUnitReportReporter -->
<testsuite skipped="0" hostname="na2devasgqbw01" name="webfocus_UI_TestCases.LoginPageTest" tests="5" failures="0" timestamp="2023-09-06T02:53:03 PDT" time="16.970" errors="0">
  <testcase name="validate_LoginPage" time="0.032" classname="webfocus_UI_TestCases.LoginPageTest"/>
  <system-out/>
  <testcase name="login" time="6.425" classname="webfocus_UI_TestCases.LoginPageTest"/>
  <system-out/>
  <testcase name="switchToParentFrame" time="0.112" classname="webfocus_UI_TestCases.LoginPageTest"/>
  <system-out/>
  <testcase name="ResetView" time="7.301" classname="webfocus_UI_TestCases.LoginPageTest"/>
  <system-out/>
  <testcase name="SignOut" time="3.100" classname="webfocus_UI_TestCases.LoginPageTest"/>
  <system-out/>
</testsuite> <!-- webfocus_UI_TestCases.LoginPageTest -->
