<?xml version="1.0" encoding="UTF-8"?>
<!-- Generated by org.testng.reporters.JUnitReportReporter -->
<testsuite skipped="0" hostname="na2devasgqbw01" name="webfocus_UI_TestCases.LoginPageTest" tests="5" failures="0" timestamp="2023-07-26T07:29:15 PDT" time="16.499" errors="0">
  <testcase name="validate_LoginPage" time="0.017" classname="webfocus_UI_TestCases.LoginPageTest"/>
  <system-out/>
  <testcase name="login" time="5.890" classname="webfocus_UI_TestCases.LoginPageTest"/>
  <system-out/>
  <testcase name="switchToParentFrame" time="0.008" classname="webfocus_UI_TestCases.LoginPageTest"/>
  <system-out/>
  <testcase name="ResetView" time="7.289" classname="webfocus_UI_TestCases.LoginPageTest"/>
  <system-out/>
  <testcase name="SignOut" time="3.295" classname="webfocus_UI_TestCases.LoginPageTest"/>
  <system-out/>
</testsuite> <!-- webfocus_UI_TestCases.LoginPageTest -->
