<?xml version="1.0" encoding="UTF-8"?>
<!-- Generated by org.testng.reporters.JUnitReportReporter -->
<testsuite skipped="0" hostname="na2devasgqbw01" name="webfocus_UI_TestCases.ManagementCenterTest" tests="5" failures="0" timestamp="2023-07-26T07:29:15 PDT" time="29.653" errors="0">
  <testcase name="validate_LoginPage" time="5.955" classname="webfocus_UI_TestCases.ManagementCenterTest"/>
  <system-out/>
  <testcase name="validate_WFCE_Version" time="13.237" classname="webfocus_UI_TestCases.ManagementCenterTest"/>
  <system-out/>
  <testcase name="switchToParentFrame" time="0.007" classname="webfocus_UI_TestCases.ManagementCenterTest"/>
  <system-out/>
  <testcase name="ResetView" time="7.280" classname="webfocus_UI_TestCases.ManagementCenterTest"/>
  <system-out/>
  <testcase name="SignOut" time="3.174" classname="webfocus_UI_TestCases.ManagementCenterTest"/>
  <system-out/>
</testsuite> <!-- webfocus_UI_TestCases.ManagementCenterTest -->
