<?xml version="1.0" encoding="UTF-8"?>
<!-- Generated by org.testng.reporters.JUnitReportReporter -->
<testsuite skipped="0" hostname="na2devasgqbw01" name="webfocus_UI_TestCases.VisualizationTest" tests="5" failures="0" timestamp="2023-07-26T07:29:15 PDT" time="209.367" errors="0">
  <testcase name="validate_LoginPage" time="5.730" classname="webfocus_UI_TestCases.VisualizationTest"/>
  <system-out/>
  <testcase name="Create_Visualization" time="93.235" classname="webfocus_UI_TestCases.VisualizationTest"/>
  <system-out/>
  <testcase name="Edit_Visulization" time="49.767" classname="webfocus_UI_TestCases.VisualizationTest"/>
  <system-out/>
  <testcase name="Delete_Visulization" time="57.459" classname="webfocus_UI_TestCases.VisualizationTest"/>
  <system-out/>
  <testcase name="SignOut" time="3.176" classname="webfocus_UI_TestCases.VisualizationTest"/>
  <system-out/>
</testsuite> <!-- webfocus_UI_TestCases.VisualizationTest -->
